Using pre-set license
Built from '6000.0/staging' branch; Version is '6000.0.32f1 (b2e806cf271c) revision 11724806'; Using compiler version '193933523'; Build Type 'Release'
OS: 'Windows 10  (10.0.19041) 64bit Core' Language: 'pl' Physical Memory: 32577 MB
BatchMode: 1, IsHumanControllingUs: 0, StartBugReporterOnCrash: 0, Is64bit: 1, IsPro: 1

COMMAND LINE ARGUMENTS:
C:\Program Files\Unity\Hub\Editor\6000.0.32f1\Editor\Unity.exe
-adb2
-batchMode
-noUpm
-name
AssetImportWorker11
-projectPath
F:/Melon/wintermelongamejamjupii/melons
-logFile
Logs/AssetImportWorker11.log
-srvPort
63819
-job-worker-count
9
-background-job-worker-count
8
-gc-helper-count
1
Successfully changed project path to: F:/Melon/wintermelongamejamjupii/melons
F:/Melon/wintermelongamejamjupii/melons
[UnityMemory] Configuration Parameters - Can be set up in boot.config
    "memorysetup-bucket-allocator-granularity=16"
    "memorysetup-bucket-allocator-bucket-count=8"
    "memorysetup-bucket-allocator-block-size=33554432"
    "memorysetup-bucket-allocator-block-count=8"
    "memorysetup-main-allocator-block-size=16777216"
    "memorysetup-thread-allocator-block-size=16777216"
    "memorysetup-gfx-main-allocator-block-size=16777216"
    "memorysetup-gfx-thread-allocator-block-size=16777216"
    "memorysetup-cache-allocator-block-size=4194304"
    "memorysetup-typetree-allocator-block-size=2097152"
    "memorysetup-profiler-bucket-allocator-granularity=16"
    "memorysetup-profiler-bucket-allocator-bucket-count=8"
    "memorysetup-profiler-bucket-allocator-block-size=33554432"
    "memorysetup-profiler-bucket-allocator-block-count=8"
    "memorysetup-profiler-allocator-block-size=16777216"
    "memorysetup-profiler-editor-allocator-block-size=1048576"
    "memorysetup-temp-allocator-size-main=16777216"
    "memorysetup-job-temp-allocator-block-size=2097152"
    "memorysetup-job-temp-allocator-block-size-background=1048576"
    "memorysetup-job-temp-allocator-reduction-small-platforms=262144"
    "memorysetup-allocator-temp-initial-block-size-main=262144"
    "memorysetup-allocator-temp-initial-block-size-worker=262144"
    "memorysetup-temp-allocator-size-background-worker=32768"
    "memorysetup-temp-allocator-size-job-worker=262144"
    "memorysetup-temp-allocator-size-preload-manager=33554432"
    "memorysetup-temp-allocator-size-nav-mesh-worker=65536"
    "memorysetup-temp-allocator-size-audio-worker=65536"
    "memorysetup-temp-allocator-size-cloud-worker=32768"
    "memorysetup-temp-allocator-size-gi-baking-worker=262144"
    "memorysetup-temp-allocator-size-gi-baking-worker=262144"
    "memorysetup-temp-allocator-size-gi-baking-worker=262144"
    "memorysetup-temp-allocator-size-gi-baking-worker=262144"
    "memorysetup-temp-allocator-size-gi-baking-worker=262144"
    "memorysetup-temp-allocator-size-gfx=262144"
Player connection [13268]  Target information:

Player connection [13268]  * "[IP] 192.168.0.102 [Port] 0 [Flags] 2 [Guid] 988453909 [EditorId] 988453909 [Version] 1048832 [Id] WindowsEditor(7,DESKTOP-LU2T638) [Debug] 1 [PackageName] WindowsEditor [ProjectName] Editor" 

Player connection [13268] Host joined multi-casting on [225.0.0.222:54997]...
Player connection [13268] Host joined alternative multi-casting on [225.0.0.222:34997]...
JobSystem: Creating JobQueue using job-worker-count value 9
[Physics::Module] Initialized fallback backend.
[Physics::Module] Id: 0xdecafbad
Library Redirect Path: Library/
[Physics::Module] Selected backend.
[Physics::Module] Name: PhysX
[Physics::Module] Id: 0xf2b8ea05
[Physics::Module] SDK Version: 4.1.2
[Physics::Module] Integration Version: 1.0.0
[Physics::Module] Threading Mode: Multi-Threaded
Refreshing native plugins compatible for Editor in 0.90 ms, found 3 plugins.
Preloading 0 native plugins for Editor in 0.00 ms.
Initialize engine version: 6000.0.32f1 (b2e806cf271c)
[Subsystems] Discovering subsystems at path C:/Program Files/Unity/Hub/Editor/6000.0.32f1/Editor/Data/Resources/UnitySubsystems
[Subsystems] Discovering subsystems at path F:/Melon/wintermelongamejamjupii/melons/Assets
GfxDevice: creating device client; kGfxThreadingModeNonThreaded
Direct3D:
    Version:  Direct3D 11.0 [level 11.1]
    Renderer: NVIDIA GeForce RTX 3060 (ID=0x2487)
    Vendor:   NVIDIA
    VRAM:     12110 MB
    Driver:   32.0.15.6081
Initialize mono
Mono path[0] = 'C:/Program Files/Unity/Hub/Editor/6000.0.32f1/Editor/Data/Managed'
Mono path[1] = 'C:/Program Files/Unity/Hub/Editor/6000.0.32f1/Editor/Data/MonoBleedingEdge/lib/mono/unityjit-win32'
Mono config path = 'C:/Program Files/Unity/Hub/Editor/6000.0.32f1/Editor/Data/MonoBleedingEdge/etc'
Using monoOptions --debugger-agent=transport=dt_socket,embedding=1,server=y,suspend=n,address=127.0.0.1:56776
Begin MonoManager ReloadAssembly
Registering precompiled unity dll's ...
Register platform support module: C:/Program Files/Unity/Hub/Editor/6000.0.32f1/Editor/Data/PlaybackEngines/WebGLSupport/UnityEditor.WebGL.Extensions.dll
Register platform support module: C:/Program Files/Unity/Hub/Editor/6000.0.32f1/Editor/Data/PlaybackEngines/WindowsStandaloneSupport/UnityEditor.WindowsStandalone.Extensions.dll
Registered in 0.003297 seconds.
- Loaded All Assemblies, in  0.381 seconds
Native extension for WindowsStandalone target not found
Native extension for WebGL target not found
Mono: successfully reloaded assembly
- Finished resetting the current domain, in  0.322 seconds
Domain Reload Profiling: 701ms
	BeginReloadAssembly (124ms)
		ExecutionOrderSort (0ms)
		DisableScriptedObjects (0ms)
		BackupInstance (0ms)
		ReleaseScriptingObjects (0ms)
		CreateAndSetChildDomain (1ms)
	RebuildCommonClasses (36ms)
	RebuildNativeTypeToScriptingClass (13ms)
	initialDomainReloadingComplete (50ms)
	LoadAllAssembliesAndSetupDomain (155ms)
		LoadAssemblies (122ms)
		RebuildTransferFunctionScriptingTraits (0ms)
		AnalyzeDomain (152ms)
			TypeCache.Refresh (150ms)
				TypeCache.ScanAssembly (138ms)
			BuildScriptInfoCaches (0ms)
			ResolveRequiredComponents (0ms)
	FinalizeReload (322ms)
		ReleaseScriptCaches (0ms)
		RebuildScriptCaches (0ms)
		SetupLoadedEditorAssemblies (281ms)
			LogAssemblyErrors (0ms)
			InitializePlatformSupportModulesInManaged (29ms)
			SetLoadedEditorAssemblies (4ms)
			BeforeProcessingInitializeOnLoad (54ms)
			ProcessInitializeOnLoadAttributes (144ms)
			ProcessInitializeOnLoadMethodAttributes (49ms)
			AfterProcessingInitializeOnLoad (0ms)
			EditorAssembliesLoaded (0ms)
		ExecutionOrderSort2 (0ms)
		AwakeInstancesAfterBackupRestoration (0ms)
========================================================================
Worker process is ready to serve import requests
Import Worker Mode flag is 0x00
Begin MonoManager ReloadAssembly
- Loaded All Assemblies, in  0.750 seconds
Refreshing native plugins compatible for Editor in 0.40 ms, found 3 plugins.
Native extension for WindowsStandalone target not found
Native extension for WebGL target not found
Mono: successfully reloaded assembly
- Finished resetting the current domain, in  0.547 seconds
Domain Reload Profiling: 1294ms
	BeginReloadAssembly (184ms)
		ExecutionOrderSort (0ms)
		DisableScriptedObjects (7ms)
		BackupInstance (0ms)
		ReleaseScriptingObjects (0ms)
		CreateAndSetChildDomain (34ms)
	RebuildCommonClasses (36ms)
	RebuildNativeTypeToScriptingClass (13ms)
	initialDomainReloadingComplete (39ms)
	LoadAllAssembliesAndSetupDomain (476ms)
		LoadAssemblies (385ms)
		RebuildTransferFunctionScriptingTraits (0ms)
		AnalyzeDomain (196ms)
			TypeCache.Refresh (148ms)
				TypeCache.ScanAssembly (134ms)
			BuildScriptInfoCaches (40ms)
			ResolveRequiredComponents (5ms)
	FinalizeReload (547ms)
		ReleaseScriptCaches (0ms)
		RebuildScriptCaches (0ms)
		SetupLoadedEditorAssemblies (440ms)
			LogAssemblyErrors (0ms)
			InitializePlatformSupportModulesInManaged (3ms)
			SetLoadedEditorAssemblies (4ms)
			BeforeProcessingInitializeOnLoad (79ms)
			ProcessInitializeOnLoadAttributes (325ms)
			ProcessInitializeOnLoadMethodAttributes (23ms)
			AfterProcessingInitializeOnLoad (6ms)
			EditorAssembliesLoaded (0ms)
		ExecutionOrderSort2 (0ms)
		AwakeInstancesAfterBackupRestoration (6ms)
Launched and connected shader compiler UnityShaderCompiler.exe after 0.01 seconds
Refreshing native plugins compatible for Editor in 0.26 ms, found 3 plugins.
Preloading 0 native plugins for Editor in 0.00 ms.
Unloading 22 Unused Serialized files (Serialized files now loaded: 0)
Unloading 3321 unused Assets / (0.8 MB). Loaded Objects now: 3843.
Memory consumption went from 95.0 MB to 94.2 MB.
Total: 3.813800 ms (FindLiveObjects: 0.369900 ms CreateObjectMapping: 0.124700 ms MarkObjects: 2.693300 ms  DeleteObjects: 0.625200 ms)

========================================================================
Received Import Request.
  Time since last request: 696830.512700 seconds.
  path: Assets/Sprites/Materials
  artifactKey: Guid(5222d1feff5fbad4db538338411cfdd0) Importer(815301076,1909f56bfc062723c751e8b465ee728b)
Start importing Assets/Sprites/Materials using Guid(5222d1feff5fbad4db538338411cfdd0) Importer(815301076,1909f56bfc062723c751e8b465ee728b) (PreviewImporter) -> (artifact id: 'f7079882dd8376a775fddc438f4f4c48') in 0.0052939 seconds
Number of updated asset objects reloaded before import = 0Number of asset objects unloaded after import = 0

========================================================================
Received Import Request.
  Time since last request: 0.062706 seconds.
  path: Assets/Sprites/Materials/pomys.mat
  artifactKey: Guid(d27153f0866645d4a9be48f934012107) Importer(815301076,1909f56bfc062723c751e8b465ee728b)
Start importing Assets/Sprites/Materials/pomys.mat using Guid(d27153f0866645d4a9be48f934012107) Importer(815301076,1909f56bfc062723c751e8b465ee728b) (PreviewImporter) -> (artifact id: '0931a3827430ecfda5efe2c699fb5cbd') in 0.1069383 seconds
Number of updated asset objects reloaded before import = 0Number of asset objects unloaded after import = 2

========================================================================
Received Import Request.
  Time since last request: 8.162173 seconds.
  path: Assets/3DModels/MAPS/T1.prefab
  artifactKey: Guid(ba5db69ee0ddae64badf3eadf98ce4e6) Importer(815301076,1909f56bfc062723c751e8b465ee728b)
Start importing Assets/3DModels/MAPS/T1.prefab using Guid(ba5db69ee0ddae64badf3eadf98ce4e6) Importer(815301076,1909f56bfc062723c751e8b465ee728b) (PreviewImporter) -> (artifact id: '1516f7174d2850a0bfcdda27398125ee') in 0.0726794 seconds
Number of updated asset objects reloaded before import = 0Number of asset objects unloaded after import = 273

========================================================================
Received Import Request.
  Time since last request: 0.534403 seconds.
  path: Assets/3DModels/Bears/Bears_Base_color.png
  artifactKey: Guid(2d0e3d4332535d94fbdffd6ed44f9ac0) Importer(815301076,1909f56bfc062723c751e8b465ee728b)
Start importing Assets/3DModels/Bears/Bears_Base_color.png using Guid(2d0e3d4332535d94fbdffd6ed44f9ac0) Importer(815301076,1909f56bfc062723c751e8b465ee728b) (PreviewImporter) -> (artifact id: '5b5a7e9c3a06058350e31697c2f30957') in 0.0274521 seconds
Number of updated asset objects reloaded before import = 0Number of asset objects unloaded after import = 2

========================================================================
Received Import Request.
  Time since last request: 0.000014 seconds.
  path: Assets/3DModels/Bears/Zrzut ekranu 2024-12-27 205539.png
  artifactKey: Guid(f044f2ec347b02342bb5208308691a19) Importer(815301076,1909f56bfc062723c751e8b465ee728b)
Start importing Assets/3DModels/Bears/Zrzut ekranu 2024-12-27 205539.png using Guid(f044f2ec347b02342bb5208308691a19) Importer(815301076,1909f56bfc062723c751e8b465ee728b) (PreviewImporter) -> (artifact id: 'e24dfdb571edc71deb16292aae63162a') in 0.0096547 seconds
Number of updated asset objects reloaded before import = 0Number of asset objects unloaded after import = 2

========================================================================
Received Import Request.
  Time since last request: 0.000014 seconds.
  path: Assets/3DModels/Bears/Czapers_Normal_OpenGL.png
  artifactKey: Guid(82600642eb7207e4a864afc70d5fe818) Importer(815301076,1909f56bfc062723c751e8b465ee728b)
Start importing Assets/3DModels/Bears/Czapers_Normal_OpenGL.png using Guid(82600642eb7207e4a864afc70d5fe818) Importer(815301076,1909f56bfc062723c751e8b465ee728b) (PreviewImporter) -> (artifact id: 'b532d03c4d2f98e4b27373e7a9cd5984') in 0.0178414 seconds
Number of updated asset objects reloaded before import = 0Number of asset objects unloaded after import = 2

========================================================================
Received Import Request.
  Time since last request: 0.000014 seconds.
  path: Assets/3DModels/Bears/Czapers_Normal.png
  artifactKey: Guid(e986668ef379c9343a347a8844687379) Importer(815301076,1909f56bfc062723c751e8b465ee728b)
Start importing Assets/3DModels/Bears/Czapers_Normal.png using Guid(e986668ef379c9343a347a8844687379) Importer(815301076,1909f56bfc062723c751e8b465ee728b) (PreviewImporter) -> (artifact id: 'a119c767c59aaa674c076aaf2ca71fa8') in 0.0128429 seconds
Number of updated asset objects reloaded before import = 0Number of asset objects unloaded after import = 2

========================================================================
Received Import Request.
  Time since last request: 0.000017 seconds.
  path: Assets/3DModels/Bears/beras2.png
  artifactKey: Guid(4b45af67cb0d9b642babd565dd6bffc0) Importer(815301076,1909f56bfc062723c751e8b465ee728b)
Start importing Assets/3DModels/Bears/beras2.png using Guid(4b45af67cb0d9b642babd565dd6bffc0) Importer(815301076,1909f56bfc062723c751e8b465ee728b) (PreviewImporter) -> (artifact id: 'b83ff837d8205179a37adb6c452787c7') in 0.0054191 seconds
Number of updated asset objects reloaded before import = 0Number of asset objects unloaded after import = 2

========================================================================
Received Import Request.
  Time since last request: 0.000014 seconds.
  path: Assets/3DModels/Bears/Czapers_Base_color.png
  artifactKey: Guid(cc36e165a0f2e484197310f7181f63af) Importer(815301076,1909f56bfc062723c751e8b465ee728b)
Start importing Assets/3DModels/Bears/Czapers_Base_color.png using Guid(cc36e165a0f2e484197310f7181f63af) Importer(815301076,1909f56bfc062723c751e8b465ee728b) (PreviewImporter) -> (artifact id: 'f0aba742e62fdaf975857b6dc1e1ea5e') in 0.0135919 seconds
Number of updated asset objects reloaded before import = 0Number of asset objects unloaded after import = 2

========================================================================
Received Import Request.
  Time since last request: 3.832341 seconds.
  path: Assets/3DModels/Village
  artifactKey: Guid(cde97deb4aa32ca4c81e883cb629c43d) Importer(815301076,1909f56bfc062723c751e8b465ee728b)
Start importing Assets/3DModels/Village using Guid(cde97deb4aa32ca4c81e883cb629c43d) Importer(815301076,1909f56bfc062723c751e8b465ee728b) (PreviewImporter) -> (artifact id: '01fa8547f12357bcdc8a8b0b8cf9e874') in 0.0005054 seconds
Number of updated asset objects reloaded before import = 0Number of asset objects unloaded after import = 0

========================================================================
Received Import Request.
  Time since last request: 0.077794 seconds.
  path: Assets/3DModels/Village/Material_Base_color.png
  artifactKey: Guid(b5ca57dc9048f19429b3d0379fb3b82f) Importer(815301076,1909f56bfc062723c751e8b465ee728b)
Start importing Assets/3DModels/Village/Material_Base_color.png using Guid(b5ca57dc9048f19429b3d0379fb3b82f) Importer(815301076,1909f56bfc062723c751e8b465ee728b) (PreviewImporter) -> (artifact id: 'c11fbf0647f8724546262fea6c0340ba') in 0.0911321 seconds
Number of updated asset objects reloaded before import = 0Number of asset objects unloaded after import = 2

========================================================================
Received Import Request.
  Time since last request: 0.000370 seconds.
  path: Assets/3DModels/Village/Village.blend
  artifactKey: Guid(9f69c2e369681f344b1a905df6a3fe7c) Importer(815301076,1909f56bfc062723c751e8b465ee728b)
Start importing Assets/3DModels/Village/Village.blend using Guid(9f69c2e369681f344b1a905df6a3fe7c) Importer(815301076,1909f56bfc062723c751e8b465ee728b) (PreviewImporter) -> (artifact id: 'cfd67387cbda49cd509bb7a9f377e74e') in 0.0794525 seconds
Number of updated asset objects reloaded before import = 0Number of asset objects unloaded after import = 28

========================================================================
Received Import Request.
  Time since last request: 2.359032 seconds.
  path: Assets/3DModels/Wagon/Material_Base_color.png
  artifactKey: Guid(ec588d0dc14fd574dac8cad4219332b3) Importer(815301076,1909f56bfc062723c751e8b465ee728b)
Start importing Assets/3DModels/Wagon/Material_Base_color.png using Guid(ec588d0dc14fd574dac8cad4219332b3) Importer(815301076,1909f56bfc062723c751e8b465ee728b) (PreviewImporter) -> (artifact id: 'ed1f75cd100cd171a01ebbf5753497b6') in 0.0778541 seconds
Number of updated asset objects reloaded before import = 0Number of asset objects unloaded after import = 2

========================================================================
Received Import Request.
  Time since last request: 0.661461 seconds.
  path: Assets/3DModels/Train/Material_Base_color.png
  artifactKey: Guid(2b76a2f9b4d335b4d8bf98139b2aac27) Importer(815301076,1909f56bfc062723c751e8b465ee728b)
Start importing Assets/3DModels/Train/Material_Base_color.png using Guid(2b76a2f9b4d335b4d8bf98139b2aac27) Importer(815301076,1909f56bfc062723c751e8b465ee728b) (PreviewImporter) -> (artifact id: '4505b7ed5577791f8fa735b7c911a4b1') in 0.015881 seconds
Number of updated asset objects reloaded before import = 0Number of asset objects unloaded after import = 2

========================================================================
Received Import Request.
  Time since last request: 0.000012 seconds.
  path: Assets/3DModels/Train/Train.fbx
  artifactKey: Guid(6a0b676b28f994449b0587a8bc81716e) Importer(815301076,1909f56bfc062723c751e8b465ee728b)
Start importing Assets/3DModels/Train/Train.fbx using Guid(6a0b676b28f994449b0587a8bc81716e) Importer(815301076,1909f56bfc062723c751e8b465ee728b) (PreviewImporter) -> (artifact id: '9346b478c18fdde4b36da08effbfcc95') in 0.0274899 seconds
Number of updated asset objects reloaded before import = 0Number of asset objects unloaded after import = 16

========================================================================
Received Import Request.
  Time since last request: 0.811190 seconds.
  path: Assets/3DModels/Stop/Meows.mat
  artifactKey: Guid(443a7c69244d27d45927f5a9ea139358) Importer(815301076,1909f56bfc062723c751e8b465ee728b)
Start importing Assets/3DModels/Stop/Meows.mat using Guid(443a7c69244d27d45927f5a9ea139358) Importer(815301076,1909f56bfc062723c751e8b465ee728b) (PreviewImporter) -> (artifact id: '34deba079e4b1b951e8c0ce4d7bf9605') in 0.0050717 seconds
Number of updated asset objects reloaded before import = 0Number of asset objects unloaded after import = 1

========================================================================
Received Import Request.
  Time since last request: 1.631213 seconds.
  path: Assets/3DModels/Train/Materials
  artifactKey: Guid(83993d454f14f4a4e8a7ccf850b3f099) Importer(815301076,1909f56bfc062723c751e8b465ee728b)
Start importing Assets/3DModels/Train/Materials using Guid(83993d454f14f4a4e8a7ccf850b3f099) Importer(815301076,1909f56bfc062723c751e8b465ee728b) (PreviewImporter) -> (artifact id: '3f468cf1c8497f8f9fbc5c43511ef650') in 0.0004604 seconds
Number of updated asset objects reloaded before import = 0Number of asset objects unloaded after import = 0

========================================================================
Received Import Request.
  Time since last request: 0.057344 seconds.
  path: Assets/3DModels/Train/Materials/Material_Base_color.mat
  artifactKey: Guid(4fe223fe93bb3c74985909a0432ce1e5) Importer(815301076,1909f56bfc062723c751e8b465ee728b)
Start importing Assets/3DModels/Train/Materials/Material_Base_color.mat using Guid(4fe223fe93bb3c74985909a0432ce1e5) Importer(815301076,1909f56bfc062723c751e8b465ee728b) (PreviewImporter) -> (artifact id: 'b4073bf91749b8d3c129789855f69a6c') in 0.0136451 seconds
Number of updated asset objects reloaded before import = 0Number of asset objects unloaded after import = 2

========================================================================
Received Import Request.
  Time since last request: 2.327199 seconds.
  path: Assets/3DModels/Station1/station.blend
  artifactKey: Guid(6d085830049f59e43b388b48123ec209) Importer(815301076,1909f56bfc062723c751e8b465ee728b)
Start importing Assets/3DModels/Station1/station.blend using Guid(6d085830049f59e43b388b48123ec209) Importer(815301076,1909f56bfc062723c751e8b465ee728b) (PreviewImporter) -> (artifact id: '52ffe0892f860ce737a7f3ccb318efff') in 0.0360794 seconds
Number of updated asset objects reloaded before import = 0Number of asset objects unloaded after import = 17

========================================================================
Received Import Request.
  Time since last request: 0.747399 seconds.
  path: Assets/3DModels/Ring/ring.blend
  artifactKey: Guid(7e6197e567d6e364ba7af36d23da50e8) Importer(815301076,1909f56bfc062723c751e8b465ee728b)
Start importing Assets/3DModels/Ring/ring.blend using Guid(7e6197e567d6e364ba7af36d23da50e8) Importer(815301076,1909f56bfc062723c751e8b465ee728b) (PreviewImporter) -> (artifact id: '946464c520428cb2c2cc151044b987f0') in 0.0160491 seconds
Number of updated asset objects reloaded before import = 0Number of asset objects unloaded after import = 16

========================================================================
Received Import Request.
  Time since last request: 2.144152 seconds.
  path: Assets/3DModels/Flag/flagsa.blend
  artifactKey: Guid(e2a23848787f569479432f57de545514) Importer(815301076,1909f56bfc062723c751e8b465ee728b)
Start importing Assets/3DModels/Flag/flagsa.blend using Guid(e2a23848787f569479432f57de545514) Importer(815301076,1909f56bfc062723c751e8b465ee728b) (PreviewImporter) -> (artifact id: '7f1add5ecde41eb3fda586bcbb29f8ad') in 0.0171729 seconds
Number of updated asset objects reloaded before import = 0Number of asset objects unloaded after import = 17

========================================================================
Received Import Request.
  Time since last request: 3.888640 seconds.
  path: Assets/3DModels/Bears/Materials
  artifactKey: Guid(f1b14832b6f1fd3419362e5c69ddb126) Importer(815301076,1909f56bfc062723c751e8b465ee728b)
Start importing Assets/3DModels/Bears/Materials using Guid(f1b14832b6f1fd3419362e5c69ddb126) Importer(815301076,1909f56bfc062723c751e8b465ee728b) (PreviewImporter) -> (artifact id: '750681a7412479e14ed59f1a216fbfe0') in 0.0004889 seconds
Number of updated asset objects reloaded before import = 0Number of asset objects unloaded after import = 0

========================================================================
Received Import Request.
  Time since last request: 0.085856 seconds.
  path: Assets/3DModels/Bears/Materials/Bears_Base_color.mat
  artifactKey: Guid(ab9bc0b9211c36543b91ef45c904f4f7) Importer(815301076,1909f56bfc062723c751e8b465ee728b)
Start importing Assets/3DModels/Bears/Materials/Bears_Base_color.mat using Guid(ab9bc0b9211c36543b91ef45c904f4f7) Importer(815301076,1909f56bfc062723c751e8b465ee728b) (PreviewImporter) -> (artifact id: '64363454494f82e026f94287e129bd64') in 0.0239216 seconds
Number of updated asset objects reloaded before import = 0Number of asset objects unloaded after import = 2

========================================================================
Received Import Request.
  Time since last request: 6.921859 seconds.
  path: Assets/makisupa/MAKISUPA SDF.asset
  artifactKey: Guid(105117b8c97ade44eab5998be3b6f747) Importer(815301076,1909f56bfc062723c751e8b465ee728b)
Start importing Assets/makisupa/MAKISUPA SDF.asset using Guid(105117b8c97ade44eab5998be3b6f747) Importer(815301076,1909f56bfc062723c751e8b465ee728b) (PreviewImporter) -> (artifact id: '29a36c8dd61ed00273eead5e7dafb585') in 0.0352076 seconds
Number of updated asset objects reloaded before import = 0Number of asset objects unloaded after import = 6

========================================================================
Received Import Request.
  Time since last request: 5.862154 seconds.
  path: Assets/Sprites/visualnovel/bear1.png
  artifactKey: Guid(38c749585d2a2b54e9fd2eb65f37b559) Importer(815301076,1909f56bfc062723c751e8b465ee728b)
Start importing Assets/Sprites/visualnovel/bear1.png using Guid(38c749585d2a2b54e9fd2eb65f37b559) Importer(815301076,1909f56bfc062723c751e8b465ee728b) (PreviewImporter) -> (artifact id: 'cc490e1729bc6d991963c665aa6fa917') in 0.0218223 seconds
Number of updated asset objects reloaded before import = 0Number of asset objects unloaded after import = 3

========================================================================
Received Import Request.
  Time since last request: 3.172200 seconds.
  path: Assets/TextMesh Pro/Resources
  artifactKey: Guid(243e06394e614e5d99fab26083b707fa) Importer(815301076,1909f56bfc062723c751e8b465ee728b)
Start importing Assets/TextMesh Pro/Resources using Guid(243e06394e614e5d99fab26083b707fa) Importer(815301076,1909f56bfc062723c751e8b465ee728b) (PreviewImporter) -> (artifact id: '9013465a1dd4f6e12d45d12645abd3d1') in 0.0005403 seconds
Number of updated asset objects reloaded before import = 0Number of asset objects unloaded after import = 0

========================================================================
Received Import Request.
  Time since last request: 0.344175 seconds.
  path: Assets/TextMesh Pro/Resources/TMP Settings.asset
  artifactKey: Guid(3f5b5dff67a942289a9defa416b206f3) Importer(815301076,1909f56bfc062723c751e8b465ee728b)
Start importing Assets/TextMesh Pro/Resources/TMP Settings.asset using Guid(3f5b5dff67a942289a9defa416b206f3) Importer(815301076,1909f56bfc062723c751e8b465ee728b) (PreviewImporter) -> (artifact id: '0afd9dba49e7f7d9c756f41474f3ca29') in 0.0205013 seconds
Number of updated asset objects reloaded before import = 0Number of asset objects unloaded after import = 15

========================================================================
Received Import Request.
  Time since last request: 1.646216 seconds.
  path: Assets/TextMesh Pro/Fonts/LiberationSans.ttf
  artifactKey: Guid(e3265ab4bf004d28a9537516768c1c75) Importer(815301076,1909f56bfc062723c751e8b465ee728b)
Start importing Assets/TextMesh Pro/Fonts/LiberationSans.ttf using Guid(e3265ab4bf004d28a9537516768c1c75) Importer(815301076,1909f56bfc062723c751e8b465ee728b) (PreviewImporter) -> (artifact id: '1e50089afc85173643973f66fccfc3c0') in 0.0144519 seconds
Number of updated asset objects reloaded before import = 0Number of asset objects unloaded after import = 4

========================================================================
Received Import Request.
  Time since last request: 1.656480 seconds.
  path: Assets/TextMesh Pro/Fonts
  artifactKey: Guid(6ab70aee4d56447429c680537fbf93ed) Importer(815301076,1909f56bfc062723c751e8b465ee728b)
Start importing Assets/TextMesh Pro/Fonts using Guid(6ab70aee4d56447429c680537fbf93ed) Importer(815301076,1909f56bfc062723c751e8b465ee728b) (PreviewImporter) -> (artifact id: 'adf76a3569f44d2435c7d07439bae0b9') in 0.0007512 seconds
Number of updated asset objects reloaded before import = 0Number of asset objects unloaded after import = 0

========================================================================
Received Import Request.
  Time since last request: 1.495208 seconds.
  path: Assets/TextMesh Pro/Sprites
  artifactKey: Guid(d0603b6d5186471b96c778c3949c7ce2) Importer(815301076,1909f56bfc062723c751e8b465ee728b)
Start importing Assets/TextMesh Pro/Sprites using Guid(d0603b6d5186471b96c778c3949c7ce2) Importer(815301076,1909f56bfc062723c751e8b465ee728b) (PreviewImporter) -> (artifact id: 'bfa4a3e5c10ae49efb24e6ab8e7512ac') in 0.0005306 seconds
Number of updated asset objects reloaded before import = 0Number of asset objects unloaded after import = 0

========================================================================
Received Import Request.
  Time since last request: 0.067319 seconds.
  path: Assets/TextMesh Pro/Sprites/EmojiOne.png
  artifactKey: Guid(dffef66376be4fa480fb02b19edbe903) Importer(815301076,1909f56bfc062723c751e8b465ee728b)
Start importing Assets/TextMesh Pro/Sprites/EmojiOne.png using Guid(dffef66376be4fa480fb02b19edbe903) Importer(815301076,1909f56bfc062723c751e8b465ee728b) (PreviewImporter) -> (artifact id: '4d4084e7bfa739ffc2a0262783159744') in 0.0055335 seconds
Number of updated asset objects reloaded before import = 0Number of asset objects unloaded after import = 2

========================================================================
Received Import Request.
  Time since last request: 3.127891 seconds.
  path: Assets/TextMesh Pro/Shaders
  artifactKey: Guid(e9f693669af91aa45ad615fc681ed29f) Importer(815301076,1909f56bfc062723c751e8b465ee728b)
Start importing Assets/TextMesh Pro/Shaders using Guid(e9f693669af91aa45ad615fc681ed29f) Importer(815301076,1909f56bfc062723c751e8b465ee728b) (PreviewImporter) -> (artifact id: '6c036e49a9e6e9fa2a03c7082beb31f8') in 0.0005286 seconds
Number of updated asset objects reloaded before import = 0Number of asset objects unloaded after import = 0

========================================================================
Received Import Request.
  Time since last request: 0.072387 seconds.
  path: Assets/TextMesh Pro/Shaders/SDFFunctions.hlsl
  artifactKey: Guid(96de908384869cd409c75efa351d5edf) Importer(815301076,1909f56bfc062723c751e8b465ee728b)
Start importing Assets/TextMesh Pro/Shaders/SDFFunctions.hlsl using Guid(96de908384869cd409c75efa351d5edf) Importer(815301076,1909f56bfc062723c751e8b465ee728b) (PreviewImporter) -> (artifact id: 'c7511c9b0aa6106121e860cb43e07b86') in 0.0009246 seconds
Number of updated asset objects reloaded before import = 0Number of asset objects unloaded after import = 1

========================================================================
Received Import Request.
  Time since last request: 0.000628 seconds.
  path: Assets/TextMesh Pro/Shaders/TMPro.cginc
  artifactKey: Guid(407bc68d299748449bbf7f48ee690f8d) Importer(815301076,1909f56bfc062723c751e8b465ee728b)
Start importing Assets/TextMesh Pro/Shaders/TMPro.cginc using Guid(407bc68d299748449bbf7f48ee690f8d) Importer(815301076,1909f56bfc062723c751e8b465ee728b) (PreviewImporter) -> (artifact id: 'c62028c880c8a34cf97d3634ae1b21fb') in 0.0005354 seconds
Number of updated asset objects reloaded before import = 0Number of asset objects unloaded after import = 1

========================================================================
Received Import Request.
  Time since last request: 17.729351 seconds.
  path: Assets/3DModels/Village/Materials
  artifactKey: Guid(0cc9e2261f264db45b3d06703d87f58e) Importer(815301076,1909f56bfc062723c751e8b465ee728b)
Start importing Assets/3DModels/Village/Materials using Guid(0cc9e2261f264db45b3d06703d87f58e) Importer(815301076,1909f56bfc062723c751e8b465ee728b) (PreviewImporter) -> (artifact id: '68f40df1c1b9b1e8005fed56da90a7e0') in 0.000432 seconds
Number of updated asset objects reloaded before import = 0Number of asset objects unloaded after import = 0

========================================================================
Received Import Request.
  Time since last request: 0.093155 seconds.
  path: Assets/3DModels/Village/Materials/Material_Base_color.mat
  artifactKey: Guid(88ceaab25ba442f46a579f5aa3f6946a) Importer(815301076,1909f56bfc062723c751e8b465ee728b)
Start importing Assets/3DModels/Village/Materials/Material_Base_color.mat using Guid(88ceaab25ba442f46a579f5aa3f6946a) Importer(815301076,1909f56bfc062723c751e8b465ee728b) (PreviewImporter) -> (artifact id: 'a68c6b2ec9782aa01d6f520b33e6af8a') in 0.0051246 seconds
Number of updated asset objects reloaded before import = 0Number of asset objects unloaded after import = 1

========================================================================
Received Import Request.
  Time since last request: 24.354725 seconds.
  path: Assets/3DModels/Bears/swiatczapka/Bears_Base_color.png
  artifactKey: Guid(d96dfd896f8711a4da2416de3e295cae) Importer(815301076,1909f56bfc062723c751e8b465ee728b)
Start importing Assets/3DModels/Bears/swiatczapka/Bears_Base_color.png using Guid(d96dfd896f8711a4da2416de3e295cae) Importer(815301076,1909f56bfc062723c751e8b465ee728b) (PreviewImporter) -> (artifact id: '373f3bd6ab29608305c82ccf2860d85a') in 0.0900947 seconds
Number of updated asset objects reloaded before import = 0Number of asset objects unloaded after import = 2

========================================================================
Received Import Request.
  Time since last request: 0.000016 seconds.
  path: Assets/3DModels/Bears/swiatczapka/Bears_Normal.png
  artifactKey: Guid(a444ee4de2748d240a40ad5ee091c9cc) Importer(815301076,1909f56bfc062723c751e8b465ee728b)
Start importing Assets/3DModels/Bears/swiatczapka/Bears_Normal.png using Guid(a444ee4de2748d240a40ad5ee091c9cc) Importer(815301076,1909f56bfc062723c751e8b465ee728b) (PreviewImporter) -> (artifact id: '68e2bbf3d22859f08077ff9efd52f8c6') in 0.0210202 seconds
Number of updated asset objects reloaded before import = 0Number of asset objects unloaded after import = 2

========================================================================
Received Import Request.
  Time since last request: 0.000032 seconds.
  path: Assets/3DModels/Bears/swiatczapka/Bears_Normal_OpenGL.png
  artifactKey: Guid(f91d92209fca0714392c6e6698ba72f1) Importer(815301076,1909f56bfc062723c751e8b465ee728b)
Start importing Assets/3DModels/Bears/swiatczapka/Bears_Normal_OpenGL.png using Guid(f91d92209fca0714392c6e6698ba72f1) Importer(815301076,1909f56bfc062723c751e8b465ee728b) (PreviewImporter) -> (artifact id: 'b1d198d0804edb64eeed708cd8da5281') in 0.0097468 seconds
Number of updated asset objects reloaded before import = 0Number of asset objects unloaded after import = 2

========================================================================
Received Import Request.
  Time since last request: 0.459089 seconds.
  path: Assets/3DModels/Bears/nocnaczapka/Bears_Base_color.png
  artifactKey: Guid(1fee14c573c6945478c6f7c6fc5ca21d) Importer(815301076,1909f56bfc062723c751e8b465ee728b)
Start importing Assets/3DModels/Bears/nocnaczapka/Bears_Base_color.png using Guid(1fee14c573c6945478c6f7c6fc5ca21d) Importer(815301076,1909f56bfc062723c751e8b465ee728b) (PreviewImporter) -> (artifact id: 'f206aa8de5d5c04ae1ef788e975ed262') in 0.0186122 seconds
Number of updated asset objects reloaded before import = 0Number of asset objects unloaded after import = 2

========================================================================
Received Import Request.
  Time since last request: 0.000103 seconds.
  path: Assets/3DModels/Bears/nocnaczapka/Czapers_Height.png
  artifactKey: Guid(86fe127cabc0e934b9bca0220492803b) Importer(815301076,1909f56bfc062723c751e8b465ee728b)
Start importing Assets/3DModels/Bears/nocnaczapka/Czapers_Height.png using Guid(86fe127cabc0e934b9bca0220492803b) Importer(815301076,1909f56bfc062723c751e8b465ee728b) (PreviewImporter) -> (artifact id: 'ad1f2cd946c188da2294d6582d9ae6fc') in 0.014566 seconds
Number of updated asset objects reloaded before import = 0Number of asset objects unloaded after import = 2

========================================================================
Received Import Request.
  Time since last request: 0.000012 seconds.
  path: Assets/3DModels/Bears/nocnaczapka/Czapers_Normal_OpenGL.png
  artifactKey: Guid(976d44bdfa6d2ae4590c8e7711668bb8) Importer(815301076,1909f56bfc062723c751e8b465ee728b)
Start importing Assets/3DModels/Bears/nocnaczapka/Czapers_Normal_OpenGL.png using Guid(976d44bdfa6d2ae4590c8e7711668bb8) Importer(815301076,1909f56bfc062723c751e8b465ee728b) (PreviewImporter) -> (artifact id: 'acdbd18a474206d9daec198674f6ce83') in 0.0117677 seconds
Number of updated asset objects reloaded before import = 0Number of asset objects unloaded after import = 2

========================================================================
Received Import Request.
  Time since last request: 0.000013 seconds.
  path: Assets/3DModels/Bears/nocnaczapka/Bears_Normal_OpenGL.png
  artifactKey: Guid(9760367e0a286f549a5242ec3dc8337a) Importer(815301076,1909f56bfc062723c751e8b465ee728b)
Start importing Assets/3DModels/Bears/nocnaczapka/Bears_Normal_OpenGL.png using Guid(9760367e0a286f549a5242ec3dc8337a) Importer(815301076,1909f56bfc062723c751e8b465ee728b) (PreviewImporter) -> (artifact id: 'f3a2cf9a206c5562f802f3371c57ebe8') in 0.0159369 seconds
Number of updated asset objects reloaded before import = 0Number of asset objects unloaded after import = 2

Editor requested this worker to shutdown with reason: Scaling down because of idle timeout
AssetImportWorker is now disconnected from the server
Process exiting
Exiting without the bug reporter. Application will terminate with return code 0