Using pre-set license
Built from '6000.0/staging' branch; Version is '6000.0.32f1 (b2e806cf271c) revision 11724806'; Using compiler version '193933523'; Build Type 'Release'
OS: 'Windows 10  (10.0.19041) 64bit Core' Language: 'pl' Physical Memory: 32577 MB
BatchMode: 1, IsHumanControllingUs: 0, StartBugReporterOnCrash: 0, Is64bit: 1, IsPro: 1

COMMAND LINE ARGUMENTS:
C:\Program Files\Unity\Hub\Editor\6000.0.32f1\Editor\Unity.exe
-adb2
-batchMode
-noUpm
-name
AssetImportWorker3
-projectPath
F:/Melon/wintermelongamejamjupii/melons
-logFile
Logs/AssetImportWorker3.log
-srvPort
52263
-job-worker-count
9
-background-job-worker-count
8
-gc-helper-count
1
Successfully changed project path to: F:/Melon/wintermelongamejamjupii/melons
F:/Melon/wintermelongamejamjupii/melons
[UnityMemory] Configuration Parameters - Can be set up in boot.config
    "memorysetup-bucket-allocator-granularity=16"
    "memorysetup-bucket-allocator-bucket-count=8"
    "memorysetup-bucket-allocator-block-size=33554432"
    "memorysetup-bucket-allocator-block-count=8"
    "memorysetup-main-allocator-block-size=16777216"
    "memorysetup-thread-allocator-block-size=16777216"
    "memorysetup-gfx-main-allocator-block-size=16777216"
    "memorysetup-gfx-thread-allocator-block-size=16777216"
    "memorysetup-cache-allocator-block-size=4194304"
    "memorysetup-typetree-allocator-block-size=2097152"
    "memorysetup-profiler-bucket-allocator-granularity=16"
    "memorysetup-profiler-bucket-allocator-bucket-count=8"
    "memorysetup-profiler-bucket-allocator-block-size=33554432"
    "memorysetup-profiler-bucket-allocator-block-count=8"
    "memorysetup-profiler-allocator-block-size=16777216"
    "memorysetup-profiler-editor-allocator-block-size=1048576"
    "memorysetup-temp-allocator-size-main=16777216"
    "memorysetup-job-temp-allocator-block-size=2097152"
    "memorysetup-job-temp-allocator-block-size-background=1048576"
    "memorysetup-job-temp-allocator-reduction-small-platforms=262144"
    "memorysetup-allocator-temp-initial-block-size-main=262144"
    "memorysetup-allocator-temp-initial-block-size-worker=262144"
    "memorysetup-temp-allocator-size-background-worker=32768"
    "memorysetup-temp-allocator-size-job-worker=262144"
    "memorysetup-temp-allocator-size-preload-manager=33554432"
    "memorysetup-temp-allocator-size-nav-mesh-worker=65536"
    "memorysetup-temp-allocator-size-audio-worker=65536"
    "memorysetup-temp-allocator-size-cloud-worker=32768"
    "memorysetup-temp-allocator-size-gi-baking-worker=262144"
    "memorysetup-temp-allocator-size-gi-baking-worker=262144"
    "memorysetup-temp-allocator-size-gi-baking-worker=262144"
    "memorysetup-temp-allocator-size-gi-baking-worker=262144"
    "memorysetup-temp-allocator-size-gi-baking-worker=262144"
    "memorysetup-temp-allocator-size-gfx=262144"
Player connection [20196]  Target information:

Player connection [20196]  * "[IP] 192.168.0.102 [Port] 0 [Flags] 2 [Guid] 1937264357 [EditorId] 1937264357 [Version] 1048832 [Id] WindowsEditor(7,DESKTOP-LU2T638) [Debug] 1 [PackageName] WindowsEditor [ProjectName] Editor" 

Player connection [20196] Host joined multi-casting on [225.0.0.222:54997]...
Player connection [20196] Host joined alternative multi-casting on [225.0.0.222:34997]...
JobSystem: Creating JobQueue using job-worker-count value 9
[Physics::Module] Initialized fallback backend.
[Physics::Module] Id: 0xdecafbad
Library Redirect Path: Library/
[Physics::Module] Selected backend.
[Physics::Module] Name: PhysX
[Physics::Module] Id: 0xf2b8ea05
[Physics::Module] SDK Version: 4.1.2
[Physics::Module] Integration Version: 1.0.0
[Physics::Module] Threading Mode: Multi-Threaded
Refreshing native plugins compatible for Editor in 0.77 ms, found 3 plugins.
Preloading 0 native plugins for Editor in 0.00 ms.
Initialize engine version: 6000.0.32f1 (b2e806cf271c)
[Subsystems] Discovering subsystems at path C:/Program Files/Unity/Hub/Editor/6000.0.32f1/Editor/Data/Resources/UnitySubsystems
[Subsystems] Discovering subsystems at path F:/Melon/wintermelongamejamjupii/melons/Assets
GfxDevice: creating device client; kGfxThreadingModeNonThreaded
Direct3D:
    Version:  Direct3D 11.0 [level 11.1]
    Renderer: NVIDIA GeForce RTX 3060 (ID=0x2487)
    Vendor:   NVIDIA
    VRAM:     12110 MB
    Driver:   32.0.15.6081
Initialize mono
Mono path[0] = 'C:/Program Files/Unity/Hub/Editor/6000.0.32f1/Editor/Data/Managed'
Mono path[1] = 'C:/Program Files/Unity/Hub/Editor/6000.0.32f1/Editor/Data/MonoBleedingEdge/lib/mono/unityjit-win32'
Mono config path = 'C:/Program Files/Unity/Hub/Editor/6000.0.32f1/Editor/Data/MonoBleedingEdge/etc'
Using monoOptions --debugger-agent=transport=dt_socket,embedding=1,server=y,suspend=n,address=127.0.0.1:56484
Begin MonoManager ReloadAssembly
Registering precompiled unity dll's ...
Register platform support module: C:/Program Files/Unity/Hub/Editor/6000.0.32f1/Editor/Data/PlaybackEngines/WebGLSupport/UnityEditor.WebGL.Extensions.dll
Register platform support module: C:/Program Files/Unity/Hub/Editor/6000.0.32f1/Editor/Data/PlaybackEngines/WindowsStandaloneSupport/UnityEditor.WindowsStandalone.Extensions.dll
Registered in 0.004007 seconds.
- Loaded All Assemblies, in  0.440 seconds
Native extension for WindowsStandalone target not found
Native extension for WebGL target not found
Mono: successfully reloaded assembly
- Finished resetting the current domain, in  0.364 seconds
Domain Reload Profiling: 801ms
	BeginReloadAssembly (151ms)
		ExecutionOrderSort (0ms)
		DisableScriptedObjects (0ms)
		BackupInstance (0ms)
		ReleaseScriptingObjects (0ms)
		CreateAndSetChildDomain (1ms)
	RebuildCommonClasses (39ms)
	RebuildNativeTypeToScriptingClass (14ms)
	initialDomainReloadingComplete (59ms)
	LoadAllAssembliesAndSetupDomain (174ms)
		LoadAssemblies (148ms)
		RebuildTransferFunctionScriptingTraits (0ms)
		AnalyzeDomain (171ms)
			TypeCache.Refresh (169ms)
				TypeCache.ScanAssembly (155ms)
			BuildScriptInfoCaches (0ms)
			ResolveRequiredComponents (0ms)
	FinalizeReload (364ms)
		ReleaseScriptCaches (0ms)
		RebuildScriptCaches (0ms)
		SetupLoadedEditorAssemblies (328ms)
			LogAssemblyErrors (0ms)
			InitializePlatformSupportModulesInManaged (35ms)
			SetLoadedEditorAssemblies (5ms)
			BeforeProcessingInitializeOnLoad (62ms)
			ProcessInitializeOnLoadAttributes (169ms)
			ProcessInitializeOnLoadMethodAttributes (57ms)
			AfterProcessingInitializeOnLoad (0ms)
			EditorAssembliesLoaded (0ms)
		ExecutionOrderSort2 (0ms)
		AwakeInstancesAfterBackupRestoration (0ms)
========================================================================
Worker process is ready to serve import requests
Import Worker Mode flag is 0x00
Begin MonoManager ReloadAssembly
- Loaded All Assemblies, in  0.763 seconds
Refreshing native plugins compatible for Editor in 1.10 ms, found 3 plugins.
Native extension for WindowsStandalone target not found
Native extension for WebGL target not found
Mono: successfully reloaded assembly
- Finished resetting the current domain, in  0.643 seconds
Domain Reload Profiling: 1403ms
	BeginReloadAssembly (176ms)
		ExecutionOrderSort (0ms)
		DisableScriptedObjects (7ms)
		BackupInstance (0ms)
		ReleaseScriptingObjects (0ms)
		CreateAndSetChildDomain (28ms)
	RebuildCommonClasses (39ms)
	RebuildNativeTypeToScriptingClass (14ms)
	initialDomainReloadingComplete (45ms)
	LoadAllAssembliesAndSetupDomain (486ms)
		LoadAssemblies (343ms)
		RebuildTransferFunctionScriptingTraits (0ms)
		AnalyzeDomain (249ms)
			TypeCache.Refresh (197ms)
				TypeCache.ScanAssembly (178ms)
			BuildScriptInfoCaches (43ms)
			ResolveRequiredComponents (5ms)
	FinalizeReload (643ms)
		ReleaseScriptCaches (0ms)
		RebuildScriptCaches (0ms)
		SetupLoadedEditorAssemblies (514ms)
			LogAssemblyErrors (0ms)
			InitializePlatformSupportModulesInManaged (4ms)
			SetLoadedEditorAssemblies (5ms)
			BeforeProcessingInitializeOnLoad (89ms)
			ProcessInitializeOnLoadAttributes (382ms)
			ProcessInitializeOnLoadMethodAttributes (28ms)
			AfterProcessingInitializeOnLoad (6ms)
			EditorAssembliesLoaded (0ms)
		ExecutionOrderSort2 (0ms)
		AwakeInstancesAfterBackupRestoration (7ms)
Launched and connected shader compiler UnityShaderCompiler.exe after 0.01 seconds
Refreshing native plugins compatible for Editor in 0.37 ms, found 3 plugins.
Preloading 0 native plugins for Editor in 0.00 ms.
Unloading 22 Unused Serialized files (Serialized files now loaded: 0)
Unloading 3321 unused Assets / (0.8 MB). Loaded Objects now: 3843.
Memory consumption went from 95.0 MB to 94.2 MB.
Total: 4.640600 ms (FindLiveObjects: 0.393500 ms CreateObjectMapping: 0.114000 ms MarkObjects: 3.263100 ms  DeleteObjects: 0.868100 ms)

========================================================================
Received Import Request.
  Time since last request: 736100.201434 seconds.
  path: Assets/New Terrain.asset
  artifactKey: Guid(992cd069c13011e46afa441fea4ecc3d) Importer(815301076,1909f56bfc062723c751e8b465ee728b)
Start importing Assets/New Terrain.asset using Guid(992cd069c13011e46afa441fea4ecc3d) Importer(815301076,1909f56bfc062723c751e8b465ee728b) (PreviewImporter) -> (artifact id: '7e5df5c7df6ca126082a8cb6a0876a7d') in 0.0856087 seconds
Number of updated asset objects reloaded before import = 0Number of asset objects unloaded after import = 7

========================================================================
Received Import Request.
  Time since last request: 0.000097 seconds.
  path: Assets/skybox.mat
  artifactKey: Guid(96c0eb68df8ec824685eb46179340af8) Importer(815301076,1909f56bfc062723c751e8b465ee728b)
Start importing Assets/skybox.mat using Guid(96c0eb68df8ec824685eb46179340af8) Importer(815301076,1909f56bfc062723c751e8b465ee728b) (PreviewImporter) -> (artifact id: '2ba6e216182cb7d18c84cf5cda6e75c4') in 0.0875159 seconds
Number of updated asset objects reloaded before import = 0Number of asset objects unloaded after import = 3

========================================================================
Received Import Request.
  Time since last request: 11.580678 seconds.
  path: Assets/Resources/12.prefab
  artifactKey: Guid(ef34ec240248ccb4baad7bd910250f57) Importer(815301076,1909f56bfc062723c751e8b465ee728b)
Start importing Assets/Resources/12.prefab using Guid(ef34ec240248ccb4baad7bd910250f57) Importer(815301076,1909f56bfc062723c751e8b465ee728b) (PreviewImporter) -> (artifact id: '23cdbc9c2258cce2baf555aac5526bc9') in 0.1474673 seconds
Number of updated asset objects reloaded before import = 0Number of asset objects unloaded after import = 812

========================================================================
Received Import Request.
  Time since last request: 0.000020 seconds.
  path: Assets/Resources/NewLayer.terrainlayer
  artifactKey: Guid(92393373f15492a41a434f82e1da5c53) Importer(815301076,1909f56bfc062723c751e8b465ee728b)
Start importing Assets/Resources/NewLayer.terrainlayer using Guid(92393373f15492a41a434f82e1da5c53) Importer(815301076,1909f56bfc062723c751e8b465ee728b) (PreviewImporter) -> (artifact id: '8830abed3e4b3160046afdc3120817a6') in 0.0452658 seconds
Number of updated asset objects reloaded before import = 0Number of asset objects unloaded after import = 2

========================================================================
Received Import Request.
  Time since last request: 28.224999 seconds.
  path: Assets/Prefabs/SourceOfThings.prefab
  artifactKey: Guid(b91749b1b6b8765429328b7ecf469d48) Importer(815301076,1909f56bfc062723c751e8b465ee728b)
Start importing Assets/Prefabs/SourceOfThings.prefab using Guid(b91749b1b6b8765429328b7ecf469d48) Importer(815301076,1909f56bfc062723c751e8b465ee728b) (PreviewImporter) -> (artifact id: '56405fa8836035798467a18f6a32b641') in 0.0420652 seconds
Number of updated asset objects reloaded before import = 0Number of asset objects unloaded after import = 51

========================================================================
Received Import Request.
  Time since last request: 0.000021 seconds.
  path: Assets/Prefabs/Village.prefab
  artifactKey: Guid(c7da04fb655dcb349a9f50b1bc1615ce) Importer(815301076,1909f56bfc062723c751e8b465ee728b)
Start importing Assets/Prefabs/Village.prefab using Guid(c7da04fb655dcb349a9f50b1bc1615ce) Importer(815301076,1909f56bfc062723c751e8b465ee728b) (PreviewImporter) -> (artifact id: '31ea4e6adc8bcb8806e4f887da3abd01') in 0.0234408 seconds
Number of updated asset objects reloaded before import = 0Number of asset objects unloaded after import = 41

========================================================================
Received Import Request.
  Time since last request: 1.163512 seconds.
  path: Assets/ExtraScreenshots/ssd.png
  artifactKey: Guid(214c01125f276e94b97d63e1e20ef4d6) Importer(815301076,1909f56bfc062723c751e8b465ee728b)
Start importing Assets/ExtraScreenshots/ssd.png using Guid(214c01125f276e94b97d63e1e20ef4d6) Importer(815301076,1909f56bfc062723c751e8b465ee728b) (PreviewImporter) -> (artifact id: '65e295ff2e29e2e0e748d5d593cb4a7f') in 0.0450521 seconds
Number of updated asset objects reloaded before import = 0Number of asset objects unloaded after import = 3

========================================================================
Received Import Request.
  Time since last request: 8.478497 seconds.
  path: Assets/3DModels/guralodomwa/Material_Metallic.png
  artifactKey: Guid(d53c02571b9398942a64fdedcb07e3dc) Importer(815301076,1909f56bfc062723c751e8b465ee728b)
Start importing Assets/3DModels/guralodomwa/Material_Metallic.png using Guid(d53c02571b9398942a64fdedcb07e3dc) Importer(815301076,1909f56bfc062723c751e8b465ee728b) (PreviewImporter) -> (artifact id: 'a4bacf3f058518777ab5fd96fefc1083') in 0.0356129 seconds
Number of updated asset objects reloaded before import = 0Number of asset objects unloaded after import = 2

========================================================================
Received Import Request.
  Time since last request: 0.000016 seconds.
  path: Assets/3DModels/guralodomwa/Material_Normal.png
  artifactKey: Guid(38e86555f6f84364a91b9ea7e2c5250c) Importer(815301076,1909f56bfc062723c751e8b465ee728b)
Start importing Assets/3DModels/guralodomwa/Material_Normal.png using Guid(38e86555f6f84364a91b9ea7e2c5250c) Importer(815301076,1909f56bfc062723c751e8b465ee728b) (PreviewImporter) -> (artifact id: '0844e15a68205600613dc488e97052d5') in 0.0095221 seconds
Number of updated asset objects reloaded before import = 0Number of asset objects unloaded after import = 2

========================================================================
Received Import Request.
  Time since last request: 0.000022 seconds.
  path: Assets/3DModels/guralodomwa/Material_Mixed_AO.png
  artifactKey: Guid(62928158d46acfe4eade0637ffc3dde8) Importer(815301076,1909f56bfc062723c751e8b465ee728b)
Start importing Assets/3DModels/guralodomwa/Material_Mixed_AO.png using Guid(62928158d46acfe4eade0637ffc3dde8) Importer(815301076,1909f56bfc062723c751e8b465ee728b) (PreviewImporter) -> (artifact id: '13620df68edbcdb1e5656b590ca900e1') in 0.0229161 seconds
Number of updated asset objects reloaded before import = 0Number of asset objects unloaded after import = 2

========================================================================
Received Import Request.
  Time since last request: 0.492688 seconds.
  path: Assets/3DModels/guraognistaa/Material_Normal.png
  artifactKey: Guid(30d15ff6ec4854d44b2fc4aa3ac62a57) Importer(815301076,1909f56bfc062723c751e8b465ee728b)
Start importing Assets/3DModels/guraognistaa/Material_Normal.png using Guid(30d15ff6ec4854d44b2fc4aa3ac62a57) Importer(815301076,1909f56bfc062723c751e8b465ee728b) (PreviewImporter) -> (artifact id: '4b744ce236d414a466567a6d61bfc037') in 0.0347027 seconds
Number of updated asset objects reloaded before import = 0Number of asset objects unloaded after import = 2

========================================================================
Received Import Request.
  Time since last request: 0.556284 seconds.
  path: Assets/3DModels/MAPS/NewLayer 4.terrainlayer
  artifactKey: Guid(2b36caf38a5eea0488732f5508627d60) Importer(815301076,1909f56bfc062723c751e8b465ee728b)
Start importing Assets/3DModels/MAPS/NewLayer 4.terrainlayer using Guid(2b36caf38a5eea0488732f5508627d60) Importer(815301076,1909f56bfc062723c751e8b465ee728b) (PreviewImporter) -> (artifact id: '5413b3b71eece327da9be001cce6e8ca') in 0.0052723 seconds
Number of updated asset objects reloaded before import = 0Number of asset objects unloaded after import = 2

========================================================================
Received Import Request.
  Time since last request: 0.000119 seconds.
  path: Assets/3DModels/MAPS/T8.prefab
  artifactKey: Guid(40d987964a978f34ba242da87f49daa4) Importer(815301076,1909f56bfc062723c751e8b465ee728b)
Start importing Assets/3DModels/MAPS/T8.prefab using Guid(40d987964a978f34ba242da87f49daa4) Importer(815301076,1909f56bfc062723c751e8b465ee728b) (PreviewImporter) -> (artifact id: '63c0b8e0dbf64f1bf69d2c28d7e48ade') in 0.0018446 seconds
Number of updated asset objects reloaded before import = 0Number of asset objects unloaded after import = 6

========================================================================
Received Import Request.
  Time since last request: 0.000015 seconds.
  path: Assets/3DModels/MAPS/T3.prefab
  artifactKey: Guid(80fc8588c2709ce4aa9f6354ab64d119) Importer(815301076,1909f56bfc062723c751e8b465ee728b)
Start importing Assets/3DModels/MAPS/T3.prefab using Guid(80fc8588c2709ce4aa9f6354ab64d119) Importer(815301076,1909f56bfc062723c751e8b465ee728b) (PreviewImporter) -> (artifact id: '13778b50a6bd970c6b1e02f8aa0354b1') in 0.1022067 seconds
Number of updated asset objects reloaded before import = 0Number of asset objects unloaded after import = 487

========================================================================
Received Import Request.
  Time since last request: 119.287262 seconds.
  path: Assets/3DModels/Bears/beras.fbx
  artifactKey: Guid(224f031aa3de1cd4ba3b4c7a589e6e82) Importer(815301076,1909f56bfc062723c751e8b465ee728b)
Start importing Assets/3DModels/Bears/beras.fbx using Guid(224f031aa3de1cd4ba3b4c7a589e6e82) Importer(815301076,1909f56bfc062723c751e8b465ee728b) (PreviewImporter) -> (artifact id: 'adb404ac3252021beb27a879679e4028') in 0.0863716 seconds
Number of updated asset objects reloaded before import = 0Number of asset objects unloaded after import = 47

========================================================================
Received Import Request.
  Time since last request: 0.000032 seconds.
  path: Assets/3DModels/Stop/stop.blend
  artifactKey: Guid(9ede726353f6c0044b8060ee4acfd713) Importer(815301076,1909f56bfc062723c751e8b465ee728b)
Start importing Assets/3DModels/Stop/stop.blend using Guid(9ede726353f6c0044b8060ee4acfd713) Importer(815301076,1909f56bfc062723c751e8b465ee728b) (PreviewImporter) -> (artifact id: 'ce8e3d9ce01f01def507f820b7ec0a68') in 0.0172989 seconds
Number of updated asset objects reloaded before import = 0Number of asset objects unloaded after import = 16

========================================================================
Received Import Request.
  Time since last request: 0.000037 seconds.
  path: Assets/3DModels/zaspal/zaspa.fbx
  artifactKey: Guid(c5e51fa99b883c244b654f82f68f54ff) Importer(815301076,1909f56bfc062723c751e8b465ee728b)
Start importing Assets/3DModels/zaspal/zaspa.fbx using Guid(c5e51fa99b883c244b654f82f68f54ff) Importer(815301076,1909f56bfc062723c751e8b465ee728b) (PreviewImporter) -> (artifact id: '54eef4f67bb966bf8573e5fb030539e2') in 0.0205897 seconds
Number of updated asset objects reloaded before import = 0Number of asset objects unloaded after import = 16

========================================================================
Received Import Request.
  Time since last request: 0.000013 seconds.
  path: Assets/3DModels/Ring/ring.blend
  artifactKey: Guid(7e6197e567d6e364ba7af36d23da50e8) Importer(815301076,1909f56bfc062723c751e8b465ee728b)
Start importing Assets/3DModels/Ring/ring.blend using Guid(7e6197e567d6e364ba7af36d23da50e8) Importer(815301076,1909f56bfc062723c751e8b465ee728b) (PreviewImporter) -> (artifact id: '946464c520428cb2c2cc151044b987f0') in 0.0274234 seconds
Number of updated asset objects reloaded before import = 0Number of asset objects unloaded after import = 16

========================================================================
Received Import Request.
  Time since last request: 0.000014 seconds.
  path: Assets/3DModels/Wagon/Wagon.blend
  artifactKey: Guid(b89cea9a4b22af0419ffd7740ce025d0) Importer(815301076,1909f56bfc062723c751e8b465ee728b)
Start importing Assets/3DModels/Wagon/Wagon.blend using Guid(b89cea9a4b22af0419ffd7740ce025d0) Importer(815301076,1909f56bfc062723c751e8b465ee728b) (PreviewImporter) -> (artifact id: '02296c1ca3eb3c817f014ec3ecf8298a') in 0.0290037 seconds
Number of updated asset objects reloaded before import = 0Number of asset objects unloaded after import = 17

========================================================================
Received Import Request.
  Time since last request: 0.000017 seconds.
  path: Assets/3DModels/zaspal/zaspa.blend
  artifactKey: Guid(3db6aa5141cdf7c4481fab981da200e0) Importer(815301076,1909f56bfc062723c751e8b465ee728b)
Start importing Assets/3DModels/zaspal/zaspa.blend using Guid(3db6aa5141cdf7c4481fab981da200e0) Importer(815301076,1909f56bfc062723c751e8b465ee728b) (PreviewImporter) -> (artifact id: '13b3d5d48452ec865554f317c3b249a1') in 0.0168915 seconds
Number of updated asset objects reloaded before import = 0Number of asset objects unloaded after import = 16

========================================================================
Received Import Request.
  Time since last request: 0.000014 seconds.
  path: Assets/3DModels/Village/Village.blend
  artifactKey: Guid(9f69c2e369681f344b1a905df6a3fe7c) Importer(815301076,1909f56bfc062723c751e8b465ee728b)
Start importing Assets/3DModels/Village/Village.blend using Guid(9f69c2e369681f344b1a905df6a3fe7c) Importer(815301076,1909f56bfc062723c751e8b465ee728b) (PreviewImporter) -> (artifact id: 'cfd67387cbda49cd509bb7a9f377e74e') in 0.0244247 seconds
Number of updated asset objects reloaded before import = 0Number of asset objects unloaded after import = 28

========================================================================
Received Import Request.
  Time since last request: 0.000014 seconds.
  path: Assets/3DModels/Station1/station.fbx
  artifactKey: Guid(67b581b3112f6d3409982205dccd97bc) Importer(815301076,1909f56bfc062723c751e8b465ee728b)
Start importing Assets/3DModels/Station1/station.fbx using Guid(67b581b3112f6d3409982205dccd97bc) Importer(815301076,1909f56bfc062723c751e8b465ee728b) (PreviewImporter) -> (artifact id: '69ffff4f8c0aea1a6794523edd1b2072') in 0.0266431 seconds
Number of updated asset objects reloaded before import = 0Number of asset objects unloaded after import = 17

========================================================================
Received Import Request.
  Time since last request: 0.000013 seconds.
  path: Assets/3DModels/SnowStatue/SnowStatue.fbx
  artifactKey: Guid(f6caaf2b0f66c884895942c644c05ac7) Importer(815301076,1909f56bfc062723c751e8b465ee728b)
Start importing Assets/3DModels/SnowStatue/SnowStatue.fbx using Guid(f6caaf2b0f66c884895942c644c05ac7) Importer(815301076,1909f56bfc062723c751e8b465ee728b) (PreviewImporter) -> (artifact id: '62b4b984743663616cca21a5fd338b39') in 0.028785 seconds
Number of updated asset objects reloaded before import = 0Number of asset objects unloaded after import = 21

========================================================================
Received Import Request.
  Time since last request: 0.000016 seconds.
  path: Assets/3DModels/SnowStatue/SnowStatue.blend
  artifactKey: Guid(3a8d010b55cda6c4295a9990c07e5d03) Importer(815301076,1909f56bfc062723c751e8b465ee728b)
Start importing Assets/3DModels/SnowStatue/SnowStatue.blend using Guid(3a8d010b55cda6c4295a9990c07e5d03) Importer(815301076,1909f56bfc062723c751e8b465ee728b) (PreviewImporter) -> (artifact id: '86156d1f5c56be5423a7e89b99fcc042') in 0.0368409 seconds
Number of updated asset objects reloaded before import = 0Number of asset objects unloaded after import = 22

========================================================================
Received Import Request.
  Time since last request: 0.000016 seconds.
  path: Assets/3DModels/dyskodpily/pila.fbx
  artifactKey: Guid(6b36cdfd530bf944cae66cc4880fc502) Importer(815301076,1909f56bfc062723c751e8b465ee728b)
Start importing Assets/3DModels/dyskodpily/pila.fbx using Guid(6b36cdfd530bf944cae66cc4880fc502) Importer(815301076,1909f56bfc062723c751e8b465ee728b) (PreviewImporter) -> (artifact id: '12afb499b4a95f8b4cec4f5aca6935de') in 0.028184 seconds
Number of updated asset objects reloaded before import = 0Number of asset objects unloaded after import = 16

========================================================================
Received Import Request.
  Time since last request: 0.438163 seconds.
  path: Assets/TextMesh Pro/Fonts/LiberationSans.ttf
  artifactKey: Guid(e3265ab4bf004d28a9537516768c1c75) Importer(815301076,1909f56bfc062723c751e8b465ee728b)
Start importing Assets/TextMesh Pro/Fonts/LiberationSans.ttf using Guid(e3265ab4bf004d28a9537516768c1c75) Importer(815301076,1909f56bfc062723c751e8b465ee728b) (PreviewImporter) -> (artifact id: '1e50089afc85173643973f66fccfc3c0') in 0.0282948 seconds
Number of updated asset objects reloaded before import = 0Number of asset objects unloaded after import = 4

========================================================================
Received Import Request.
  Time since last request: 0.000018 seconds.
  path: Assets/3DModels/Train/Materials/Material_Base_color.mat
  artifactKey: Guid(4fe223fe93bb3c74985909a0432ce1e5) Importer(815301076,1909f56bfc062723c751e8b465ee728b)
Start importing Assets/3DModels/Train/Materials/Material_Base_color.mat using Guid(4fe223fe93bb3c74985909a0432ce1e5) Importer(815301076,1909f56bfc062723c751e8b465ee728b) (PreviewImporter) -> (artifact id: 'b4073bf91749b8d3c129789855f69a6c') in 0.0108217 seconds
Number of updated asset objects reloaded before import = 0Number of asset objects unloaded after import = 2

========================================================================
Received Import Request.
  Time since last request: 0.000017 seconds.
  path: Assets/3DModels/Village/Materials/Material_Base_color.mat
  artifactKey: Guid(88ceaab25ba442f46a579f5aa3f6946a) Importer(815301076,1909f56bfc062723c751e8b465ee728b)
Start importing Assets/3DModels/Village/Materials/Material_Base_color.mat using Guid(88ceaab25ba442f46a579f5aa3f6946a) Importer(815301076,1909f56bfc062723c751e8b465ee728b) (PreviewImporter) -> (artifact id: 'a68c6b2ec9782aa01d6f520b33e6af8a') in 0.004724 seconds
Number of updated asset objects reloaded before import = 0Number of asset objects unloaded after import = 1

========================================================================
Received Import Request.
  Time since last request: 0.000017 seconds.
  path: Assets/3DModels/Village/Materials/Material_Base_color 1.mat
  artifactKey: Guid(84a58ec4041165149914db6eedda89db) Importer(815301076,1909f56bfc062723c751e8b465ee728b)
Start importing Assets/3DModels/Village/Materials/Material_Base_color 1.mat using Guid(84a58ec4041165149914db6eedda89db) Importer(815301076,1909f56bfc062723c751e8b465ee728b) (PreviewImporter) -> (artifact id: '03a1a2e045b6eec4771b065abc592f96') in 0.0050578 seconds
Number of updated asset objects reloaded before import = 0Number of asset objects unloaded after import = 1

========================================================================
Received Import Request.
  Time since last request: 0.000015 seconds.
  path: Assets/3DModels/Gejzer/Materials/Material_Base_color 1.mat
  artifactKey: Guid(81dd7dd0b56941f48b438ed87c47754b) Importer(815301076,1909f56bfc062723c751e8b465ee728b)
Start importing Assets/3DModels/Gejzer/Materials/Material_Base_color 1.mat using Guid(81dd7dd0b56941f48b438ed87c47754b) Importer(815301076,1909f56bfc062723c751e8b465ee728b) (PreviewImporter) -> (artifact id: '3fcd4f81ef832c43169d8886e373c533') in 0.011576 seconds
Number of updated asset objects reloaded before import = 0Number of asset objects unloaded after import = 2

========================================================================
Received Import Request.
  Time since last request: 0.000017 seconds.
  path: Assets/3DModels/Village/Materials/Material_Base_color 2.mat
  artifactKey: Guid(23445c0ebc2a5284ea2704ba9a9b3984) Importer(815301076,1909f56bfc062723c751e8b465ee728b)
Start importing Assets/3DModels/Village/Materials/Material_Base_color 2.mat using Guid(23445c0ebc2a5284ea2704ba9a9b3984) Importer(815301076,1909f56bfc062723c751e8b465ee728b) (PreviewImporter) -> (artifact id: '12c7931e5c05a098c5e4add4f565a9ca') in 0.0043287 seconds
Number of updated asset objects reloaded before import = 0Number of asset objects unloaded after import = 1

========================================================================
Received Import Request.
  Time since last request: 0.000015 seconds.
  path: Assets/3DModels/Village/Materials/Material_Base_color 4.mat
  artifactKey: Guid(4e299cb3a77cdf647a560eab16eedd64) Importer(815301076,1909f56bfc062723c751e8b465ee728b)
Start importing Assets/3DModels/Village/Materials/Material_Base_color 4.mat using Guid(4e299cb3a77cdf647a560eab16eedd64) Importer(815301076,1909f56bfc062723c751e8b465ee728b) (PreviewImporter) -> (artifact id: 'cbfaa2d91c30e4a686e615589694e261') in 0.0055806 seconds
Number of updated asset objects reloaded before import = 0Number of asset objects unloaded after import = 1

========================================================================
Received Import Request.
  Time since last request: 0.000017 seconds.
  path: Assets/3DModels/Train/Materials/Material_Metallic.mat
  artifactKey: Guid(d046527ce9612fb4d9cbcb7e0ac132cb) Importer(815301076,1909f56bfc062723c751e8b465ee728b)
Start importing Assets/3DModels/Train/Materials/Material_Metallic.mat using Guid(d046527ce9612fb4d9cbcb7e0ac132cb) Importer(815301076,1909f56bfc062723c751e8b465ee728b) (PreviewImporter) -> (artifact id: '54f532a9e47d40285053fa14163d9e36') in 0.0109922 seconds
Number of updated asset objects reloaded before import = 0Number of asset objects unloaded after import = 2

========================================================================
Received Import Request.
  Time since last request: 0.000015 seconds.
  path: Assets/Sprites/Materials/pomys.mat
  artifactKey: Guid(d27153f0866645d4a9be48f934012107) Importer(815301076,1909f56bfc062723c751e8b465ee728b)
Start importing Assets/Sprites/Materials/pomys.mat using Guid(d27153f0866645d4a9be48f934012107) Importer(815301076,1909f56bfc062723c751e8b465ee728b) (PreviewImporter) -> (artifact id: '0931a3827430ecfda5efe2c699fb5cbd') in 0.0073622 seconds
Number of updated asset objects reloaded before import = 0Number of asset objects unloaded after import = 2

========================================================================
Received Import Request.
  Time since last request: 0.000018 seconds.
  path: Assets/TextMesh Pro/Resources/Fonts & Materials/LiberationSans SDF - Drop Shadow.mat
  artifactKey: Guid(e73a58f6e2794ae7b1b7e50b7fb811b0) Importer(815301076,1909f56bfc062723c751e8b465ee728b)
Start importing Assets/TextMesh Pro/Resources/Fonts & Materials/LiberationSans SDF - Drop Shadow.mat using Guid(e73a58f6e2794ae7b1b7e50b7fb811b0) Importer(815301076,1909f56bfc062723c751e8b465ee728b) (PreviewImporter) -> (artifact id: 'c95b0643fe8360b91a9a226e84745e79') in 0.0227437 seconds
Number of updated asset objects reloaded before import = 0Number of asset objects unloaded after import = 2

========================================================================
Received Import Request.
  Time since last request: 0.000019 seconds.
  path: Assets/3DModels/SnowStatue/Materials/Material_Base_color.mat
  artifactKey: Guid(caca0be16e03b6946ac70a6adbde20c5) Importer(815301076,1909f56bfc062723c751e8b465ee728b)
Start importing Assets/3DModels/SnowStatue/Materials/Material_Base_color.mat using Guid(caca0be16e03b6946ac70a6adbde20c5) Importer(815301076,1909f56bfc062723c751e8b465ee728b) (PreviewImporter) -> (artifact id: '9ed1fa58a4ff29cf57c57e0b6669c220') in 0.0184558 seconds
Number of updated asset objects reloaded before import = 0Number of asset objects unloaded after import = 2

========================================================================
Received Import Request.
  Time since last request: 0.000018 seconds.
  path: Assets/3DModels/Train/Materials/Material_Base_color 1.mat
  artifactKey: Guid(cea06ad9c99df374a91090bb864d992e) Importer(815301076,1909f56bfc062723c751e8b465ee728b)
Start importing Assets/3DModels/Train/Materials/Material_Base_color 1.mat using Guid(cea06ad9c99df374a91090bb864d992e) Importer(815301076,1909f56bfc062723c751e8b465ee728b) (PreviewImporter) -> (artifact id: '2ea695fbf2f74fef4f5946c7101477e5') in 0.0141209 seconds
Number of updated asset objects reloaded before import = 0Number of asset objects unloaded after import = 2

========================================================================
Received Import Request.
  Time since last request: 0.000017 seconds.
  path: Assets/3DModels/Train/zimne/Materials/Material_Base_color.mat
  artifactKey: Guid(5ba769a860502474d9fad909af2c5309) Importer(815301076,1909f56bfc062723c751e8b465ee728b)
Start importing Assets/3DModels/Train/zimne/Materials/Material_Base_color.mat using Guid(5ba769a860502474d9fad909af2c5309) Importer(815301076,1909f56bfc062723c751e8b465ee728b) (PreviewImporter) -> (artifact id: '3b74a4f854213aa4d81cbe3543d3a4f7') in 0.0109982 seconds
Number of updated asset objects reloaded before import = 0Number of asset objects unloaded after import = 2

Editor requested this worker to shutdown with reason: Scaling down because of idle timeout
AssetImportWorker is now disconnected from the server
Process exiting
Exiting without the bug reporter. Application will terminate with return code 0